<?xml version="1.0" encoding="UTF-8"?>
<!-- Generated by org.testng.reporters.JUnitXMLReporter -->
<testsuite hostname="DESKTOP-CTRD12V" ignored="0" name="Change User Profile Info" tests="3" failures="0" timestamp="24 Dec 2017 15:23:39 GMT" time="27.399" errors="0">
  <testcase name="openBrowser" time="14.274" classname="testECommerceSite.changeUserinfo"/>
  <testcase name="Login" time="8.639" classname="testECommerceSite.changeUserinfo"/>
  <testcase name="updateInfo" time="4.406" classname="testECommerceSite.changeUserinfo"/>
</testsuite> <!-- Change User Profile Info -->
