<?xml version="1.0" encoding="UTF-8"?>
<!-- Generated by org.testng.reporters.JUnitXMLReporter -->
<testsuite hostname="DESKTOP-CTRD12V" ignored="0" name="Test Login" tests="8" failures="0" timestamp="24 Dec 2017 15:52:12 GMT" time="31.338" errors="0">
  <testcase name="openBrowser" time="3.56" classname="testECommerceSite.testLogin"/>
  <testcase name="navigate" time="10.525" classname="testECommerceSite.testLogin"/>
  <testcase name="openLoginpage" time="3.516" classname="testECommerceSite.testLogin"/>
  <testcase name="inputEmail" time="0.113" classname="testECommerceSite.testLogin"/>
  <testcase name="inputPassword" time="0.076" classname="testECommerceSite.testLogin"/>
  <testcase name="clickLoginbutton" time="6.553" classname="testECommerceSite.testLogin"/>
  <testcase name="Logout" time="6.551" classname="testECommerceSite.testLogin"/>
  <testcase name="closeBrowser" time="0.354" classname="testECommerceSite.testLogin"/>
</testsuite> <!-- Test Login -->
