<?xml version="1.0" encoding="UTF-8"?>
<!-- Generated by org.testng.reporters.JUnitXMLReporter -->
<testsuite hostname="DESKTOP-CTRD12V" ignored="0" name="Test contactUS" tests="9" failures="0" timestamp="24 Dec 2017 15:02:27 GMT" time="51.802" errors="0">
  <testcase name="openBrowser" time="2.442" classname="testECommerceSite.contactUSpage"/>
  <testcase name="navigate" time="18.924" classname="testECommerceSite.contactUSpage"/>
  <testcase name="openLoginpage" time="4.487" classname="testECommerceSite.contactUSpage"/>
  <testcase name="inputEmail" time="0.39" classname="testECommerceSite.contactUSpage"/>
  <testcase name="inputPassword" time="1.384" classname="testECommerceSite.contactUSpage"/>
  <testcase name="clickLoginbutton" time="4.999" classname="testECommerceSite.contactUSpage"/>
  <testcase name="ContactUS" time="10.588" classname="testECommerceSite.contactUSpage"/>
  <testcase name="clickSend" time="8.122" classname="testECommerceSite.contactUSpage"/>
  <testcase name="closeBrowser" time="0.429" classname="testECommerceSite.contactUSpage"/>
</testsuite> <!-- Test contactUS -->
