<?xml version="1.0" encoding="UTF-8"?>
<!-- Generated by org.testng.reporters.JUnitXMLReporter -->
<testsuite hostname="DESKTOP-CTRD12V" ignored="0" name="Test send message" tests="9" failures="0" timestamp="24 Dec 2017 15:52:57 GMT" time="44.575" errors="0">
  <testcase name="openBrowser" time="3.522" classname="testECommerceSite.contactUSpage"/>
  <testcase name="navigate" time="10.862" classname="testECommerceSite.contactUSpage"/>
  <testcase name="openLoginpage" time="3.495" classname="testECommerceSite.contactUSpage"/>
  <testcase name="inputEmail" time="0.091" classname="testECommerceSite.contactUSpage"/>
  <testcase name="inputPassword" time="0.063" classname="testECommerceSite.contactUSpage"/>
  <testcase name="clickLoginbutton" time="5.633" classname="testECommerceSite.contactUSpage"/>
  <testcase name="ContactUS" time="12.714" classname="testECommerceSite.contactUSpage"/>
  <testcase name="clickSend" time="7.882" classname="testECommerceSite.contactUSpage"/>
  <testcase name="closeBrowser" time="0.281" classname="testECommerceSite.contactUSpage"/>
</testsuite> <!-- Test send message -->
