<?xml version="1.0" encoding="UTF-8"?>
<!-- Generated by org.testng.reporters.JUnitXMLReporter -->
<testsuite hostname="DESKTOP-CTRD12V" ignored="0" name="Test Login" tests="5" failures="0" timestamp="22 Dec 2017 20:22:17 GMT" time="79.758" errors="0">
  <testcase name="openBrowser" time="65.932" classname="testECommerceSite.testLogin"/>
  <testcase name="openLoginpage" time="8.571" classname="testECommerceSite.testLogin"/>
  <testcase name="inputEmail" time="0.106" classname="testECommerceSite.testLogin"/>
  <testcase name="inputPassword" time="0.067" classname="testECommerceSite.testLogin"/>
  <testcase name="clickLoginbutton" time="5.029" classname="testECommerceSite.testLogin"/>
</testsuite> <!-- Test Login -->
