<?xml version="1.0" encoding="UTF-8"?>
<!-- Generated by org.testng.reporters.JUnitXMLReporter -->
<testsuite hostname="DESKTOP-CTRD12V" ignored="0" name="Default test" tests="8" failures="0" timestamp="24 Dec 2017 15:41:01 GMT" time="48.821" errors="0">
  <testcase name="openBrowser" time="3.553" classname="testECommerceSite.testLogin"/>
  <testcase name="navigate" time="21.844" classname="testECommerceSite.testLogin"/>
  <testcase name="openLoginpage" time="8.556" classname="testECommerceSite.testLogin"/>
  <testcase name="inputEmail" time="0.115" classname="testECommerceSite.testLogin"/>
  <testcase name="inputPassword" time="0.112" classname="testECommerceSite.testLogin"/>
  <testcase name="clickLoginbutton" time="7.029" classname="testECommerceSite.testLogin"/>
  <testcase name="Logout" time="7.061" classname="testECommerceSite.testLogin"/>
  <testcase name="closeBrowser" time="0.479" classname="testECommerceSite.testLogin"/>
</testsuite> <!-- Default test -->
